ťąĽ?Next.js 16.1.6 (Turbopack)

  Creating an optimized production build ...
ťČĀ?Compiled successfully in 10.0s
  Running TypeScript ...
  Collecting page data using 7 workers ...
  Generating static pages using 7 workers (0/10) ...
  Generating static pages using 7 workers (2/10) 
  Generating static pages using 7 workers (4/10) 
  Generating static pages using 7 workers (7/10) 
ťČĀ?Generating static pages using 7 workers (10/10) in 756.9ms
  Finalizing page optimization ...

Route (app)
ťąĻ?ťąľ?/
ťąĻ?ťąľ?/_not-found
ťąĻ?ŤĆ† /api/image
ťąĻ?ŤĆ† /api/manga/[id]
ťąĻ?ŤĆ† /api/manga/[id]/chapters
ťąĻ?ŤĆ† /api/manga/browse
ťąĻ?ŤĆ† /api/manga/filter
ťąĻ?ŤĆ† /api/manga/home
ťąĻ?ŤĆ† /api/manga/read
ťąĻ?ŤĆ† /api/manga/search


ťąľ? (Static)   prerendered as static content
ŤĆ†  (Dynamic)  server-rendered on demand

